\BOOKMARK [0][-]{section*.4}{\376\377\006\101\006\107\006\061\006\063\006\052\000\040\006\047\006\064\006\251\006\047\006\104}{}% 1
\BOOKMARK [0][-]{section*.5}{\376\377\006\101\006\107\006\061\006\063\006\052\000\040\006\054\006\057\006\047\006\110\006\104}{}% 2
\BOOKMARK [0][-]{chapter.1}{\376\377\006\105\006\102\006\057\006\105\006\107}{}% 3
\BOOKMARK [1][-]{section.1.1}{\376\377\000\040\006\056\006\110\006\106\006\061\006\314\006\062\006\314\000\040\006\057\006\061\006\110\006\106\040\014\006\054\006\105\006\054\006\105\006\107\040\014\006\047\006\314\000\040\006\110\000\040\006\047\006\107\006\105\006\314\006\052\000\040\006\042\006\106}{chapter.1}% 4
\BOOKMARK [1][-]{section.1.2}{\376\377\006\047\006\106\006\110\006\047\006\071\000\040\006\056\006\110\006\106\006\061\006\314\006\062\006\314\000\040\006\057\006\061\006\110\006\106\040\014\006\054\006\105\006\054\006\105\006\107\040\014\006\047\006\314}{chapter.1}% 5
\BOOKMARK [1][-]{section.1.3}{\376\377\006\061\006\110\006\064\040\014\006\107\006\047\006\314\000\040\006\105\006\061\006\063\006\110\006\105\000\040\006\057\006\061\000\040\006\052\006\064\006\056\006\314\006\065\000\040\006\056\006\110\006\106\006\061\006\314\006\062\006\314\000\040\006\057\006\061\006\110\006\106\040\014\006\054\006\105\006\054\006\105\006\107\040\014\006\047\006\314}{chapter.1}% 6
\BOOKMARK [1][-]{section.1.4}{\376\377\006\061\006\110\006\064\040\014\006\107\006\047\006\314\000\040\006\061\006\047\006\314\006\047\006\106\006\107\040\014\006\047\006\314\000\040\006\057\006\061\000\040\006\176\006\061\006\057\006\047\006\062\006\064\000\040\006\052\006\065\006\047\006\110\006\314\006\061\000\040\006\176\006\062\006\064\006\251\006\314}{chapter.1}% 7
\BOOKMARK [1][-]{section.1.5}{\376\377\006\105\006\054\006\105\006\110\006\071\006\107\040\014\006\057\006\047\006\057\006\107\040\014\006\107\006\047}{chapter.1}% 8
\BOOKMARK [2][-]{subsection.1.5.1}{\376\377\006\105\006\054\006\105\006\110\006\071\006\107\040\014\006\057\006\047\006\057\006\107\040\014\006\314\000\040\006\047\006\106\006\054\006\105\006\106\000\040\006\176\006\061\006\052\006\110\006\064\006\106\006\047\006\063\006\314\000\040\006\042\006\105\006\061\006\314\006\251\006\047\006\314\000\040\006\064\006\105\006\047\006\104\006\314\000\040\000\050\000R\000S\000N\000A\000\051}{section.1.5}% 9
\BOOKMARK [2][-]{subsection.1.5.2}{\376\377\006\105\006\054\006\105\006\110\006\071\006\107\040\014\006\057\006\047\006\057\006\107\040\014\006\314\000\040\000M\000o\000s\000M\000e\000d}{section.1.5}% 10
\BOOKMARK [2][-]{subsection.1.5.3}{\376\377\006\105\006\054\006\105\006\110\006\071\006\107\040\014\006\057\006\047\006\057\006\107\040\014\006\314\000\040\000C\000Q\0005\0000\0000}{section.1.5}% 11
\BOOKMARK [2][-]{subsection.1.5.4}{\376\377\006\105\006\054\006\105\006\110\006\071\006\107\040\014\006\057\006\047\006\057\006\107\040\014\006\314\000\040\000P\000H\000E\000-\000S\000I\000C\000H\000-\000C\000T\000-\000I\000D\000S}{section.1.5}% 12
\BOOKMARK [2][-]{subsection.1.5.5}{\376\377\006\105\006\054\006\105\006\110\006\071\006\107\040\014\006\057\006\047\006\057\006\107\040\014\006\314\000\040\000P\000h\000y\000s\000i\000o\000N\000e\000t}{section.1.5}% 13
\BOOKMARK [1][-]{section.1.6}{\376\377\006\052\006\055\006\102\006\314\006\102\006\047\006\052\000\040\006\047\006\056\006\314\006\061\000\040\006\057\006\061\000\040\006\062\006\105\006\314\006\106\006\107\000\040\006\314\006\047\006\057\006\257\006\314\006\061\006\314\000\040\006\105\006\047\006\064\006\314\006\106}{chapter.1}% 14
\BOOKMARK [2][-]{subsection.1.6.1}{\376\377\006\106\006\102\006\047\006\067\000\040\006\066\006\071\006\101\000\040\006\105\006\110\006\054\006\110\006\057\000\040\006\057\006\061\000\040\006\176\006\230\006\110\006\107\006\064\040\014\006\107\006\047\006\314\000\040\006\257\006\060\006\064\006\052\006\107}{section.1.6}% 15
\BOOKMARK [2][-]{subsection.1.6.2}{\376\377\006\047\006\107\006\057\006\047\006\101\000\040\006\176\006\230\006\110\006\107\006\064}{section.1.6}% 16
\BOOKMARK [0][-]{chapter.2}{\376\377\006\061\006\110\006\064\040\014\006\107\006\047\000\040\006\110\000\040\006\105\006\054\006\105\006\110\006\071\006\107\040\014\006\057\006\047\006\057\006\107}{}% 17
\BOOKMARK [1][-]{section.2.1}{\376\377\006\050\006\061\006\061\006\063\006\314\000\040\006\042\006\105\006\047\006\061\006\314\000\040\006\105\006\054\006\105\006\110\006\071\006\107\000\040\006\057\006\047\006\057\006\107}{chapter.2}% 18
\BOOKMARK [1][-]{section.2.2}{\376\377\006\176\006\314\006\064\040\014\006\176\006\061\006\057\006\047\006\062\006\064\000P\000r\000e\000-\000p\000r\000o\000c\000e\000s\000s}{chapter.2}% 19
\BOOKMARK [0][-]{appendix*.19}{\376\377\006\105\006\106\006\047\006\050\006\071\000\040\006\110\000\040\006\105\006\061\006\047\006\054\006\071}{}% 20
\BOOKMARK [0][-]{appendix*.20}{\376\377\006\110\006\047\006\230\006\107\040\014\006\106\006\047\006\105\006\107\040\014\006\314\000\040\006\101\006\047\006\061\006\063\006\314\000\040\006\050\006\107\000\040\006\047\006\106\006\257\006\104\006\314\006\063\006\314}{}% 21
\BOOKMARK [0][-]{appendix*.21}{\376\377\006\110\006\047\006\230\006\107\040\014\006\106\006\047\006\105\006\107\040\014\006\314\000\040\006\047\006\106\006\257\006\104\006\314\006\063\006\314\000\040\006\050\006\107\000\040\006\101\006\047\006\061\006\063\006\314}{}% 22
